Current configuration:
[NAME]		[DEFLT]		[VALUE]
-agc		none		none
-agcthresh	2.0		2.000000e+00
-cbcntfn			
-cepdir				
-cepext		mfc		mfc
-ceplen		13		13
-cmn		current		current
-cmninit	8.0		8.0
-ctlfn				
-dictfn				
-dmoddeffn			
-example	no		no
-fdictfn			
-feat		1s_c_d_dd	s2_4x
-featsel			0
-fpcachesz	3000		3000
-fullvar	no		no
-gthobj		state		single
-help		no		no
-lda				
-ldadim		0		0
-lsnfn				
-maxcbobs			0
-maxiter	100		100
-maxtotobs			0
-meanfn				/home/nguyenchanh/project_beta/model_parameters/project_beta.ci_semi_flatinitial/means
-method		rkm		rkm
-minratio	0.01		1.000000e-03
-mixwfn				
-ndensity			8
-niter		20		20
-ntrial		5		1
-obscachesz	92		92
-omoddeffn			
-reest		yes		no
-runlen				0
-segdir				
-segdmpdirs			/home/nguyenchanh/project_beta/bwaccumdir/project_beta_buff_1,
-segdmpfn			/home/nguyenchanh/project_beta/bwaccumdir/project_beta_buff_1/project_beta.dmp
-segext		v8_seg		v8_seg
-segidxfn			
-stride		32		1
-svspec				
-ts2cbfn			
-tscnt				0
-tsoff		0		0
-tsrngfn			
-varfn				/home/nguyenchanh/project_beta/model_parameters/project_beta.ci_semi_flatinitial/variances
-varnorm	no		no
-vartiethr	0		0

INFO: feat.c(715): Initializing feature stream to type: 's2_4x', ceplen=13, CMN='current', VARNORM='no', AGC='none'
INFO: cmn.c(143): mean[0]= 12.00, mean[1..12]= 0.0
INFO: main.c(520): No mdef files.  Assuming 1-class init
INFO: main.c(1345): 1-class dump file
INFO: main.c(1385): Corpus 0: sz==38924 frames
INFO: main.c(1392): Convergence ratios are abs(cur - prior) / abs(prior)
INFO: main.c(237): alloc'ing 1Mb obs buf
INFO: main.c(577): Initializing means using random k-means
INFO: main.c(580): Trial 0: 8 means
INFO: kmeans.c(155): km iter [0] 1.000000e+00 ...
INFO: kmeans.c(155): km iter [1] 2.703238e-01 ...
INFO: kmeans.c(155): km iter [2] 2.596497e-02 ...
INFO: kmeans.c(155): km iter [3] 1.093152e-02 ...
INFO: kmeans.c(155): km iter [4] 7.642535e-03 ...
INFO: kmeans.c(155): km iter [5] 4.763328e-03 ...
INFO: kmeans.c(155): km iter [6] 3.300159e-03 ...
INFO: kmeans.c(155): km iter [7] 3.219339e-03 ...
INFO: kmeans.c(155): km iter [8] 3.508691e-03 ...
INFO: kmeans.c(155): km iter [9] 3.077882e-03 ...
INFO: kmeans.c(155): km iter [10] 2.749554e-03 ...
INFO: kmeans.c(155): km iter [11] 2.056301e-03 ...
INFO: kmeans.c(155): km iter [12] 1.223232e-03 ...
INFO: kmeans.c(168): kmtrineq n_iter 13 sqerr 4.751469e+07 conv_ratio 6.756289e-04
INFO: main.c(622): 	best-so-far sqerr = 4.751469e+07
INFO: main.c(237): alloc'ing 3Mb obs buf
INFO: main.c(577): Initializing means using random k-means
INFO: main.c(580): Trial 0: 8 means
INFO: kmeans.c(155): km iter [0] 1.000000e+00 ...
INFO: kmeans.c(155): km iter [1] 2.431818e-01 ...
INFO: kmeans.c(155): km iter [2] 3.655248e-02 ...
INFO: kmeans.c(155): km iter [3] 1.102056e-02 ...
INFO: kmeans.c(155): km iter [4] 3.445759e-03 ...
INFO: kmeans.c(155): km iter [5] 1.372332e-03 ...
INFO: kmeans.c(168): kmtrineq n_iter 6 sqerr 1.012556e+08 conv_ratio 7.810154e-04
INFO: main.c(622): 	best-so-far sqerr = 1.012556e+08
INFO: main.c(237): alloc'ing 0Mb obs buf
INFO: main.c(577): Initializing means using random k-means
INFO: main.c(580): Trial 0: 8 means
INFO: kmeans.c(155): km iter [0] 1.000000e+00 ...
INFO: kmeans.c(155): km iter [1] 2.632934e-01 ...
INFO: kmeans.c(155): km iter [2] 8.245552e-02 ...
INFO: kmeans.c(155): km iter [3] 7.985845e-02 ...
INFO: kmeans.c(155): km iter [4] 6.176345e-02 ...
INFO: kmeans.c(155): km iter [5] 2.310508e-02 ...
INFO: kmeans.c(155): km iter [6] 1.122913e-02 ...
INFO: kmeans.c(155): km iter [7] 6.065350e-03 ...
INFO: kmeans.c(155): km iter [8] 4.919761e-03 ...
INFO: kmeans.c(155): km iter [9] 4.337503e-03 ...
INFO: kmeans.c(155): km iter [10] 4.501072e-03 ...
INFO: kmeans.c(155): km iter [11] 5.652907e-03 ...
INFO: kmeans.c(155): km iter [12] 5.989042e-03 ...
INFO: kmeans.c(155): km iter [13] 6.540286e-03 ...
INFO: kmeans.c(155): km iter [14] 6.630781e-03 ...
INFO: kmeans.c(155): km iter [15] 5.354917e-03 ...
INFO: kmeans.c(155): km iter [16] 3.923594e-03 ...
INFO: kmeans.c(155): km iter [17] 2.652415e-03 ...
INFO: kmeans.c(155): km iter [18] 2.055073e-03 ...
INFO: kmeans.c(155): km iter [19] 1.524439e-03 ...
INFO: kmeans.c(155): km iter [20] 1.080683e-03 ...
INFO: kmeans.c(168): kmtrineq n_iter 21 sqerr 1.566383e+06 conv_ratio 9.019026e-04
INFO: main.c(622): 	best-so-far sqerr = 1.566383e+06
INFO: main.c(237): alloc'ing 1Mb obs buf
INFO: main.c(577): Initializing means using random k-means
INFO: main.c(580): Trial 0: 8 means
INFO: kmeans.c(155): km iter [0] 1.000000e+00 ...
INFO: kmeans.c(155): km iter [1] 2.030199e-01 ...
INFO: kmeans.c(155): km iter [2] 2.447609e-02 ...
INFO: kmeans.c(155): km iter [3] 1.496187e-02 ...
INFO: kmeans.c(155): km iter [4] 8.607986e-03 ...
INFO: kmeans.c(155): km iter [5] 4.869680e-03 ...
INFO: kmeans.c(155): km iter [6] 2.967764e-03 ...
INFO: kmeans.c(155): km iter [7] 2.111929e-03 ...
INFO: kmeans.c(155): km iter [8] 1.810347e-03 ...
INFO: kmeans.c(155): km iter [9] 1.457657e-03 ...
INFO: kmeans.c(155): km iter [10] 1.159618e-03 ...
INFO: kmeans.c(168): kmtrineq n_iter 11 sqerr 4.521503e+07 conv_ratio 8.943001e-04
INFO: main.c(622): 	best-so-far sqerr = 4.521503e+07
INFO: main.c(908): Initializing variances
INFO: main.c(237): alloc'ing 1Mb obs buf
INFO: main.c(237): alloc'ing 3Mb obs buf
INFO: main.c(237): alloc'ing 0Mb obs buf
INFO: main.c(237): alloc'ing 1Mb obs buf
INFO: main.c(1438): sqerr [0] == 1.955517e+08
INFO: main.c(1442): sqerr = 1.955517e+08 tot 1.398398e+04 rms
INFO: s3gau_io.c(228): Wrote /home/nguyenchanh/project_beta/model_parameters/project_beta.ci_semi_flatinitial/means [1x4x8 array]
INFO: s3gau_io.c(228): Wrote /home/nguyenchanh/project_beta/model_parameters/project_beta.ci_semi_flatinitial/variances [1x4x8 array]
INFO: main.c(1496): No mixing weight file given; none written
INFO: main.c(1628): TOTALS: km 0.000x 9.969e-01 var 0.000x 1.028e+00 em 0.000x 0.000e+00 all 0.000x 9.997e-01
Thu Jun 30 21:27:47 2016
