        INFO: main.c(229): Compiled on May 25 2016 at 23:33:03
Current configuration:
[NAME]		[DEFLT]		[VALUE]
-2passvar	no		yes
-abeam		1e-100		1.000000e-90
-accumdir			/home/nguyenchanh/project_beta/bwaccumdir/project_beta_buff_1
-agc		none		none
-agcthresh	2.0		2.000000e+00
-bbeam		1e-100		1.000000e-10
-cb2mllrfn	.1cls.		.1cls.
-cepdir				/home/nguyenchanh/project_beta/feat
-cepext		mfc		mfc
-ceplen		13		13
-ckptintv			0
-cmn		current		current
-cmninit	8.0		8.0
-ctlfn				/home/nguyenchanh/project_beta/etc/project_beta_train.fileids
-diagfull	no		no
-dictfn				/home/nguyenchanh/project_beta/etc/project_beta.dic
-example	no		no
-fdictfn			/home/nguyenchanh/project_beta/etc/project_beta.filler
-feat		1s_c_d_dd	s2_4x
-fullvar	no		no
-help		no		no
-hmmdir				
-latdir				
-latext				
-lda				
-ldadim		0		0
-lsnfn				/home/nguyenchanh/project_beta/etc/project_beta_train.transcription
-lw		11.5		1.150000e+01
-maxuttlen	0		0
-meanfn				/home/nguyenchanh/project_beta/model_parameters/project_beta.ci_semi/means
-meanreest	yes		yes
-mixwfn				/home/nguyenchanh/project_beta/model_parameters/project_beta.ci_semi/mixture_weights
-mixwreest	yes		yes
-mllrmat			
-mmie		no		no
-mmie_type	rand		rand
-moddeffn			/home/nguyenchanh/project_beta/model_architecture/project_beta.ci.mdef
-mwfloor	0.00001		1.000000e-08
-npart				1
-nskip				0
-outphsegdir			
-outputfullpath	no		no
-part				1
-pdumpdir			
-phsegdir			
-phsegext	phseg		phseg
-runlen		-1		-1
-sentdir			
-sentext	sent		sent
-spthresh	0.0		0.000000e+00
-svspec				
-timing		yes		no
-tmatfn				/home/nguyenchanh/project_beta/model_parameters/project_beta.ci_semi/transition_matrices
-tmatreest	yes		yes
-topn		4		8
-tpfloor	0.0001		1.000000e-04
-ts2cbfn			.semi.
-varfloor	0.00001		1.000000e-04
-varfn				/home/nguyenchanh/project_beta/model_parameters/project_beta.ci_semi/variances
-varnorm	no		no
-varreest	yes		yes
-viterbi	no		no

INFO: feat.c(715): Initializing feature stream to type: 's2_4x', ceplen=13, CMN='current', VARNORM='no', AGC='none'
INFO: cmn.c(143): mean[0]= 12.00, mean[1..12]= 0.0
INFO: main.c(318): Reading /home/nguyenchanh/project_beta/model_architecture/project_beta.ci.mdef
INFO: model_def_io.c(573): Model definition info:
INFO: model_def_io.c(574): 19 total models defined (19 base, 0 tri)
INFO: model_def_io.c(575): 76 total states
INFO: model_def_io.c(576): 57 total tied states
INFO: model_def_io.c(577): 57 total tied CI states
INFO: model_def_io.c(578): 19 total tied transition matrices
INFO: model_def_io.c(579): 4 max state/model
INFO: model_def_io.c(580): 4 min state/model
INFO: s3mixw_io.c(117): Read /home/nguyenchanh/project_beta/model_parameters/project_beta.ci_semi/mixture_weights [57x4x8 array]
INFO: s3tmat_io.c(118): Read /home/nguyenchanh/project_beta/model_parameters/project_beta.ci_semi/transition_matrices [19x3x4 array]
INFO: mod_inv.c(301): inserting tprob floor 1.000000e-04 and renormalizing
INFO: s3gau_io.c(169): Read /home/nguyenchanh/project_beta/model_parameters/project_beta.ci_semi/means [1x4x8 array]
INFO: s3gau_io.c(169): Read /home/nguyenchanh/project_beta/model_parameters/project_beta.ci_semi/variances [1x4x8 array]
INFO: gauden.c(176): 1 total mgau
INFO: gauden.c(150): 4 feature streams (|0|=12 |1|=24 |2|=3 |3|=12 )
INFO: gauden.c(187): 8 total densities
INFO: gauden.c(90): min_var=1.000000e-04
INFO: gauden.c(165): compute 8 densities/frame
INFO: main.c(431): Will reestimate mixing weights.
INFO: main.c(433): Will reestimate means.
INFO: main.c(435): Will reestimate variances.
INFO: main.c(443): Will reestimate transition matrices
INFO: main.c(456): Reading main dictionary: /home/nguyenchanh/project_beta/etc/project_beta.dic
INFO: lexicon.c(221): 11 entries added from /home/nguyenchanh/project_beta/etc/project_beta.dic
INFO: main.c(466): Reading filler dictionary: /home/nguyenchanh/project_beta/etc/project_beta.filler
INFO: lexicon.c(221): 3 entries added from /home/nguyenchanh/project_beta/etc/project_beta.filler
INFO: corpus.c(1062): Will process all remaining utts starting at 0
INFO: main.c(665): Reestimation: Baum-Welch
INFO: cmn.c(183): CMN: 41.98  7.86 -3.58  2.80 -1.52  0.56 -6.70  9.49 -4.96  5.33 -2.69  2.31  3.54 
column defns
	<seq>
	<id>
	<n_frame_in>
	<n_frame_del>
	<n_state_shmm>
	<avg_states_alpha>
	<avg_states_beta>
	<avg_states_reest>
	<avg_posterior_prune>
	<frame_log_lik>
	<utt_log_lik>
	... timing info ... 
utt>     0              speaker_0001 1284    0INFO: cvt2triphone.c(199): no multiphones defined, no conversion done
   280 32  2 5 4.434727e-12 -1.893108e+02 -2.430750e+05
INFO: cmn.c(183): CMN: 41.12  6.96 -3.66  2.68 -4.87  0.54  2.44  4.50 -5.47  4.31  0.95 -2.83  0.27 
utt>     1              speaker_0002 1456    0   280 35  2 5 4.064864e-12 -1.883934e+02 -2.743008e+05
INFO: cmn.c(183): CMN: 39.49  0.81 -7.25  3.01 -5.49 -1.28  4.52  7.01 -0.62  3.49  0.32 -1.13 -0.28 
utt>     2              speaker_0003 1487    0   264 40  2 4 3.512337e-12 -1.868940e+02 -2.779114e+05
INFO: cmn.c(183): CMN: 43.99  5.71 -1.70  0.94 -3.98 -1.67 -3.58 11.61 -5.52  5.49 -5.41 -1.79  1.17 
utt>     3              speaker_0004 1165    0   248 34  2 4 4.059372e-12 -1.929960e+02 -2.248404e+05
INFO: cmn.c(183): CMN: 41.68  5.12 -6.38  1.36 -2.68 -1.88 -3.31 10.93 -4.78  3.19 -1.99  0.16 -0.75 
utt>     4              speaker_0005 1405    0   272 33  2 5 4.213677e-12 -1.890541e+02 -2.656210e+05
INFO: cmn.c(183): CMN: 44.33  3.07 -8.11 -2.09 -3.64  2.50 -6.05 11.85 -3.32  5.81 -4.07 -1.93  2.10 
utt>     5              speaker_0006 1469    0   280 37  2 4 3.544898e-12 -1.921789e+02 -2.823108e+05
INFO: cmn.c(183): CMN: 44.78  2.59 -7.44  0.55 -4.57 -1.04 -6.75 13.65 -3.98  3.73 -2.57  0.04  0.94 
utt>     6              speaker_0007 1615    0   288 32  2 4 3.744704e-12 -1.902389e+02 -3.072357e+05
INFO: cmn.c(183): CMN: 41.61  2.00 -10.50 -2.47 -3.42 -1.27 -0.93 11.05  0.17  1.28 -2.13  0.44  1.12 
utt>     7              speaker_0008 1448    0   272 45  2 5 4.091636e-12 -1.889232e+02 -2.735609e+05
INFO: cmn.c(183): CMN: 43.53  3.22 -8.92 -1.06 -3.89 -0.98 -0.15 11.34 -0.11  1.77  0.44 -0.46  0.63 
utt>     8              speaker_0009 2140    0   400 37  2 4 3.328200e-12 -1.870467e+02 -4.002800e+05
INFO: cmn.c(183): CMN: 44.79  5.76 -10.89 -2.17 -8.45 -2.97 -0.73 10.80 -3.64  1.09  4.37 -4.22  1.37 
utt>     9              speaker_0010 1417    0   272 31  2 4 3.638430e-12 -1.893728e+02 -2.683413e+05
INFO: cmn.c(183): CMN: 43.35  7.92 -6.86 -0.89 -1.00 -1.81  1.48  9.50 -6.30  1.82 -0.98  1.73  1.37 
utt>    10              speaker_0011 1370    0   280 31  2 5 3.859009e-12 -1.892249e+02 -2.592382e+05
INFO: cmn.c(183): CMN: 43.95  7.57 -5.61  1.63 -1.99 -3.73 -2.81  6.98 -7.82  4.42 -1.97  1.27  0.38 
utt>    11              speaker_0012 1269    0   280 33  2 5 3.756846e-12 -1.889579e+02 -2.397875e+05
INFO: cmn.c(183): CMN: 44.59  3.52 -6.24 -1.39 -6.22 -2.32 -3.93 10.82 -5.64  7.61  0.35  2.65 -0.88 
utt>    12              speaker_0013 1073    0   264 30  2 5 4.330649e-12 -1.881027e+02 -2.018342e+05
INFO: cmn.c(183): CMN: 44.23  5.83 -3.44  0.70 -2.22 -1.34 -5.00 10.43 -7.30  3.20 -3.78  0.76  0.35 
utt>    13              speaker_0014 1154    0   248 30  2 5 3.710507e-12 -1.894096e+02 -2.185787e+05
INFO: cmn.c(183): CMN: 43.76  8.26 -7.07  1.92 -5.60 -0.16  2.16  8.70 -4.27  0.30 -0.47 -1.57  1.60 
utt>    14              speaker_0015 1202    0   272 31  2 5 4.625443e-12 -1.893391e+02 -2.275856e+05
INFO: cmn.c(183): CMN: 43.71  4.14 -8.96  1.68 -3.00 -4.28  0.29  9.00 -1.41  4.39 -2.06 -1.56  2.87 
utt>    15              speaker_0016 1439    0   280 36  2 4 4.007601e-12 -1.894136e+02 -2.725662e+05
INFO: cmn.c(183): CMN: 44.11  7.76 -5.68  2.43 -8.20 -0.82 -0.10  4.19 -3.95  1.92 -2.02 -0.67 -0.05 
utt>    16              speaker_0017 1526    0   288 35  2 4 3.322107e-12 -1.873776e+02 -2.859382e+05
INFO: cmn.c(183): CMN: 43.77  4.66 -13.01 -1.73 -6.36 -2.53 -0.98  9.96  0.34 -2.21 -1.68  1.76  1.42 
utt>    17              speaker_0018 1418    0   272 43  2 5 4.310539e-12 -1.872957e+02 -2.655853e+05
INFO: cmn.c(183): CMN: 42.85  3.90 -10.31  0.51 -5.27 -2.57 -1.55 10.21 -0.46  3.63 -0.74  0.94  1.45 
utt>    18              speaker_0019 1896    0   400 34  2 4 3.671505e-12 -1.878040e+02 -3.560763e+05
INFO: cmn.c(183): CMN: 44.98  5.17 -12.75 -2.49 -7.82 -4.28  1.70  9.97 -0.83 -3.05  2.83 -3.88  1.38 
utt>    19              speaker_0020 1411    0   272 35  2 4 3.330489e-12 -1.898326e+02 -2.678538e+05
INFO: cmn.c(183): CMN: 62.00  7.71 -7.66 -0.27 -6.58  5.76 -0.13  3.59 -5.51 -1.58  2.50 -0.14 -0.59 
utt>    20              speaker_0021  413    0   128 35  3 6 6.523236e-12 -1.803277e+02 -7.447533e+04
INFO: cmn.c(183): CMN: 65.60  3.18 -11.19 -2.29 -5.30  5.38  2.95  6.22 -4.63  0.20  2.58  1.07  0.13 
utt>    21              speaker_0022  521    0   128 38  2 5 4.472239e-12 -1.806287e+02 -9.410755e+04
INFO: cmn.c(183): CMN: 64.09  7.41 -9.60 -4.14 -4.59  4.03  1.90  7.10 -9.31 -3.85  1.29  1.95  0.99 
utt>    22              speaker_0023  330    0    96 35  3 6 6.064369e-12 -1.800659e+02 -5.942175e+04
INFO: cmn.c(183): CMN: 62.62  7.76 -11.74 -1.80 -2.41  4.58  2.37  5.89 -12.48 -0.32  2.72  1.53  0.89 
utt>    23              speaker_0024  481    0   128 37  3 5 5.296718e-12 -1.775085e+02 -8.538159e+04
INFO: cmn.c(183): CMN: 63.79  6.86 -10.63 -4.26 -13.16  5.53  7.56  5.91 -3.74  1.62 -1.75 -0.37  0.65 
utt>    24              speaker_0025  425    0   120 36  2 5 5.959237e-12 -1.798570e+02 -7.643922e+04
INFO: cmn.c(183): CMN: 66.53  4.61 -9.69 -4.16 -11.01  6.86  7.52  6.66 -4.55 -2.46  1.51 -0.08  1.21 
utt>    25              speaker_0026  422    0   120 34  2 5 4.182070e-12 -1.819459e+02 -7.678119e+04
INFO: cmn.c(183): CMN: 66.99  4.61 -10.29 -4.31 -5.89  6.38  6.24  7.15 -8.60 -0.63  2.45  1.62  0.93 
utt>    26              speaker_0027  348    0    88 35  2 5 4.847840e-12 -1.806478e+02 -6.286542e+04
INFO: cmn.c(183): CMN: 65.77  5.24 -10.04 -1.38 -4.59  4.97  4.44  6.02 -11.44  0.50  3.50  2.07  2.43 
utt>    27              speaker_0028  332    0    96 34  3 6 4.890993e-12 -1.811956e+02 -6.015692e+04
INFO: cmn.c(183): CMN: 65.53  5.14 -10.14 -1.02 -5.61  7.00  2.83  5.89 -9.12  2.46  3.27  2.83  1.23 
utt>    28              speaker_0029  333    0    96 34  3 6 4.981457e-12 -1.804760e+02 -6.009850e+04
INFO: cmn.c(183): CMN: 66.78  2.36 -11.11 -7.38 -1.26  8.30  3.93  5.57 -9.44  0.32 -0.65  0.27 -1.11 
utt>    29              speaker_0030  403    0    96 35  2 5 5.965593e-12 -1.784678e+02 -7.192254e+04
INFO: cmn.c(183): CMN: 66.36  3.93 -10.58 -2.15 -4.45  6.46  6.11  3.18 -11.24  2.53  3.45  2.38  2.30 
utt>    30              speaker_0031  634    0   160 37  3 5 4.479024e-12 -1.811109e+02 -1.148243e+05
INFO: cmn.c(183): CMN: 64.16  3.96 -10.03 -1.09 -7.05  5.90  3.85  7.70 -4.84  0.54  2.41  1.32  1.14 
utt>    31              speaker_0032  563    0   152 40  3 6 6.217398e-12 -1.808410e+02 -1.018135e+05
INFO: cmn.c(183): CMN: 64.72  4.68 -12.43 -2.30 -3.71  3.26  5.24  3.81 -9.51  1.15  1.00  2.65  0.48 
utt>    32              speaker_0033  613    0   160 40  3 5 4.624481e-12 -1.802504e+02 -1.104935e+05
INFO: cmn.c(183): CMN: 64.06  4.63 -11.37  2.15 -8.61  2.58  5.41  5.35 -7.24 -0.40  4.34  1.08  0.01 
utt>    33              speaker_0034  528    0   136 35  2 5 4.766916e-12 -1.801357e+02 -9.511167e+04
INFO: cmn.c(183): CMN: 67.14  0.48 -11.06 -2.56 -3.60  5.05  6.68  7.65 -10.33  1.37  3.06  0.75  1.76 
utt>    34              speaker_0035  583    0   136 37  2 5 4.587015e-12 -1.814548e+02 -1.057881e+05
INFO: cmn.c(183): CMN: 66.49  1.79 -11.17 -1.72 -2.60  4.88  6.48  2.15 -10.93  3.51  3.63  3.64  1.31 
utt>    35              speaker_0036  589    0   136 34  2 5 4.050201e-12 -1.801529e+02 -1.061100e+05
INFO: cmn.c(183): CMN: 65.39  3.61 -8.79 -0.57 -5.76  5.94  6.06  9.76 -5.91  1.51  2.11 -0.27 -0.20 
utt>    36              speaker_0037  403    0    88 32  2 5 3.901910e-12 -1.795684e+02 -7.236606e+04
INFO: cmn.c(183): CMN: 65.93  3.64 -10.89 -3.75 -5.73  4.25  6.73  7.61 -7.85  1.85  1.61 -0.67  0.77 
utt>    37              speaker_0038  516    0   136 37  2 5 4.622356e-12 -1.804451e+02 -9.310968e+04
INFO: cmn.c(183): CMN: 62.45  3.74 -6.59 -3.08 -3.40  5.60  2.37  1.99 -5.90  0.49  2.54  4.47  0.84 
utt>    38              speaker_0039  719    0   144 42  2 5 4.303727e-12 -1.779674e+02 -1.279586e+05
INFO: cmn.c(183): CMN: 66.04  0.59 -10.49 -6.22 -4.92  7.19  3.81  6.66 -7.40 -0.01  0.64  1.39 -1.28 
utt>    39              speaker_0040  380    0    72 37  3 6 6.984088e-12 -1.795538e+02 -6.823046e+04
INFO: cmn.c(183): CMN: 61.99  6.65 -10.01 -3.36 -3.97  6.62  3.10  6.15 -8.02  1.12  1.71  2.40  2.61 
utt>    40              speaker_0041  531    0   120 40  3 6 5.990940e-12 -1.778379e+02 -9.443194e+04
INFO: cmn.c(183): CMN: 64.97  2.84 -8.44 -3.30 -5.30  6.76  5.87  3.47 -7.65  0.41  0.26  1.07  0.54 
utt>    41              speaker_0042  549    0   112 36  2 5 3.233411e-12 -1.805307e+02 -9.911135e+04
overall> stats 39260 (-0) -1.865390e+02 -7.323521e+06

INFO: s3mixw_io.c(233): Wrote /home/nguyenchanh/project_beta/bwaccumdir/project_beta_buff_1/mixw_counts [57x4x8 array]
INFO: s3tmat_io.c(176): Wrote /home/nguyenchanh/project_beta/bwaccumdir/project_beta_buff_1/tmat_counts [19x3x4 array]
INFO: s3gau_io.c(485): Wrote /home/nguyenchanh/project_beta/bwaccumdir/project_beta_buff_1/gauden_counts with means with vars (2pass) [1x4x8 vector arrays]
INFO: main.c(999): Counts saved to /home/nguyenchanh/project_beta/bwaccumdir/project_beta_buff_1
Thu Jun 30 21:27:58 2016
