Current configuration:
[NAME]		[DEFLT]	[VALUE]
-accumdir		/home/nguyenchanh/project_beta/bwaccumdir/project_beta_buff_1,
-constE		3.0	3.000000e+00
-dcountfn		
-example	no	no
-fullvar	no	no
-help		no	no
-inmeanfn		
-inmixwfn		
-invarfn		
-meanfn			/home/nguyenchanh/project_beta/model_parameters/project_beta.ci_semi/means
-mixwfn			/home/nguyenchanh/project_beta/model_parameters/project_beta.ci_semi/mixture_weights
-mmie		no	no
-oaccumdir		
-regmatfn		
-tiedvar	no	no
-tmatfn			/home/nguyenchanh/project_beta/model_parameters/project_beta.ci_semi/transition_matrices
-varfn			/home/nguyenchanh/project_beta/model_parameters/project_beta.ci_semi/variances

INFO: main.c(207): Reading and accumulating counts from /home/nguyenchanh/project_beta/bwaccumdir/project_beta_buff_1
INFO: s3mixw_io.c(117): Read /home/nguyenchanh/project_beta/bwaccumdir/project_beta_buff_1/mixw_counts [57x4x8 array]
INFO: s3tmat_io.c(118): Read /home/nguyenchanh/project_beta/bwaccumdir/project_beta_buff_1/tmat_counts [19x3x4 array]
INFO: s3gau_io.c(386): Read /home/nguyenchanh/project_beta/bwaccumdir/project_beta_buff_1/gauden_counts with means with vars (2pass) [1x4x8 vector arrays]
INFO: main.c(321): -2passvar yes
INFO: main.c(391): Normalizing mean for n_mgau= 1, n_stream= 4, n_density= 8
INFO: main.c(414): Normalizing var
INFO: s3mixw_io.c(233): Wrote /home/nguyenchanh/project_beta/model_parameters/project_beta.ci_semi/mixture_weights [57x4x8 array]
INFO: s3tmat_io.c(176): Wrote /home/nguyenchanh/project_beta/model_parameters/project_beta.ci_semi/transition_matrices [19x3x4 array]
INFO: s3gau_io.c(228): Wrote /home/nguyenchanh/project_beta/model_parameters/project_beta.ci_semi/means [1x4x8 array]
INFO: s3gau_io.c(228): Wrote /home/nguyenchanh/project_beta/model_parameters/project_beta.ci_semi/variances [1x4x8 array]
Thu Jun 30 21:27:57 2016
Current Overall Likelihood Per Frame = -186.683571064697
Convergence ratio = 0.329139072848108
